[debug] [2018-05-13T05:12:44.693Z] ----------------------------------------------------------------------
[debug] [2018-05-13T05:12:44.695Z] Command:       /home/anton/.nvm/versions/node/v9.9.0/bin/node /home/anton/.yarn/bin/firebase deploy
[debug] [2018-05-13T05:12:44.695Z] CLI Version:   3.18.4
[debug] [2018-05-13T05:12:44.695Z] Platform:      linux
[debug] [2018-05-13T05:12:44.695Z] Node Version:  v9.9.0
[debug] [2018-05-13T05:12:44.695Z] Time:          Sun May 13 2018 00:12:44 GMT-0500 (CDT)
[debug] [2018-05-13T05:12:44.695Z] ----------------------------------------------------------------------
[debug] 
[debug] [2018-05-13T05:12:44.702Z] > command requires scopes: ["email","openid","https://www.googleapis.com/auth/cloudplatformprojects.readonly","https://www.googleapis.com/auth/firebase","https://www.googleapis.com/auth/cloud-platform"]
[debug] [2018-05-13T05:12:44.702Z] > authorizing via signed-in user
[debug] [2018-05-13T05:12:44.704Z] >>> HTTP REQUEST GET https://admin.firebase.com/v1/projects/event0-portal  
  
 Sun May 13 2018 00:12:44 GMT-0500 (CDT)
[debug] [2018-05-13T05:12:45.231Z] <<< HTTP RESPONSE 200
[debug] [2018-05-13T05:12:45.233Z] >>> HTTP REQUEST GET https://admin.firebase.com/v1/database/event0-portal/tokens  
  
 Sun May 13 2018 00:12:45 GMT-0500 (CDT)
[debug] [2018-05-13T05:12:45.617Z] <<< HTTP RESPONSE 200
[info] 
[info] === Deploying to 'event0-portal'...
[info] 
[info] i  deploying functions
[info] Running command: yarn prod
[info] ✔  functions: Finished running predeploy script.
[debug] [2018-05-13T05:13:07.025Z] > [functions] package.json contents: {
  "scripts": {
    "dev": "NODE_ENV=development nodemon -w src -x 'babel-node src/index.js'",
    "build": "NODE_ENV=production babel --copy-files src -d functions",
    "clean": "rimraf functions",
    "deps:copy": "copy package.json functions",
    "deps:install": "yarn --cwd functions",
    "prod": "yarn clean && yarn build && yarn deps:copy && yarn deps:install"
  },
  "devDependencies": {
    "@babel/cli": "^7.0.0-beta.46",
    "@babel/core": "^7.0.0-beta.46",
    "@babel/preset-env": "^7.0.0-beta.46",
    "copy": "^0.3.1",
    "eslint": "^4.19.1",
    "eslint-config-standard": "^12.0.0-alpha.0",
    "eslint-import-resolver-webpack": "^0.9.0",
    "eslint-plugin-import": "^2.11.0",
    "eslint-plugin-node": "^6.0.1",
    "eslint-plugin-promise": "^3.7.0",
    "eslint-plugin-standard": "^3.1.0",
    "rimraf": "^2.6.2"
  },
  "dependencies": {
    "@babel/polyfill": "^7.0.0-beta.46",
    "apollo-server-express": "^1.3.6",
    "cors": "^2.8.4",
    "express": "^4.16.3",
    "firebase-admin": "^5.12.0",
    "firebase-functions": "^1.0.2",
    "graphql": "^0.13.2",
    "graphql-tools": "^3.0.1",
    "merge-graphql-schemas": "^1.5.1",
    "morgan": "^1.9.0",
    "node-fetch": "^2.1.2"
  }
}
[info] i  functions: ensuring necessary APIs are enabled...
[debug] [2018-05-13T05:13:07.026Z] >>> HTTP REQUEST GET https://servicemanagement.googleapis.com/v1/services/cloudfunctions.googleapis.com/projectSettings/event0-portal?view=CONSUMER_VIEW  
  
 Sun May 13 2018 00:13:07 GMT-0500 (CDT)
[debug] [2018-05-13T05:13:07.027Z] >>> HTTP REQUEST GET https://servicemanagement.googleapis.com/v1/services/runtimeconfig.googleapis.com/projectSettings/event0-portal?view=CONSUMER_VIEW  
  
 Sun May 13 2018 00:13:07 GMT-0500 (CDT)
[debug] [2018-05-13T05:13:07.799Z] <<< HTTP RESPONSE 200
[debug] [2018-05-13T05:13:07.882Z] <<< HTTP RESPONSE 200
[info] ✔  functions: all necessary APIs are enabled
[debug] [2018-05-13T05:13:07.883Z] >>> HTTP REQUEST GET https://cloudresourcemanager.googleapis.com/v1/projects/event0-portal  
  
 Sun May 13 2018 00:13:07 GMT-0500 (CDT)
[debug] [2018-05-13T05:13:08.186Z] <<< HTTP RESPONSE 200
[debug] [2018-05-13T05:13:08.187Z] >>> HTTP REQUEST GET https://mobilesdk-pa.googleapis.com/v1/projects/810541216828:getServerAppConfig  
  
 Sun May 13 2018 00:13:08 GMT-0500 (CDT)
[debug] [2018-05-13T05:13:08.661Z] <<< HTTP RESPONSE 200
[info] i  functions: preparing functions directory for uploading...
[debug] [2018-05-13T05:13:08.664Z] >>> HTTP REQUEST GET https://runtimeconfig.googleapis.com/v1beta1/projects/event0-portal/configs  
  
 Sun May 13 2018 00:13:08 GMT-0500 (CDT)
[debug] [2018-05-13T05:13:08.896Z] <<< HTTP RESPONSE 200
[info] i  functions: packaged functions (66.88 KB) for uploading
[debug] [2018-05-13T05:13:09.718Z] >>> HTTP REQUEST POST https://cloudfunctions.googleapis.com/v1/projects/event0-portal/locations/us-central1/functions:generateUploadUrl  
  
 Sun May 13 2018 00:13:09 GMT-0500 (CDT)
[debug] [2018-05-13T05:13:09.936Z] <<< HTTP RESPONSE 200
[debug] [2018-05-13T05:13:09.936Z] >>> HTTP REQUEST PUT https://storage.googleapis.com/gcf-upload-us-central1-64a292a3-734f-4f97-b685-ecf26faa9a58/abdeb49b-0d4f-4d2d-984a-b0de24c6c6d1.zip?GoogleAccessId=810541216828@cloudservices.gserviceaccount.com&Expires=1526190286&Signature=AphXNahwY4YyKgQyysbe6YeQFXHzZy5LqkYI8%2BCxzdxE7%2Fev7tHMeNJvAxwqMm5vWEG5bU%2F4ZbnYpabAuSgJl6BCZSj4bsktWdBDDpNDV9P9orMRheJhBzc%2FfrdJhCH7JV%2BJKuwyY1HQdJ1huTxAE0Avpe1jwCXWFP1OR3hnzboB21nEBuj5F%2Bb9CnTii%2BX%2BjnTqSm3EeJ%2BgqqScFfRwoDmXeDH5MPtfokvJQQP8nAHSRCqT3Oc7UCLzxsVuq%2FmfUKYFrFFEVY2fmxahpx%2BTDmcnbs6orVtkopFCfQDgoTpRI5dHYx2AJWaiHkTVo0RGpuhG7H4wy%2B076qsTJIZp5g%3D%3D  
 ReadStream {
  _readableState: 
   ReadableState {
     objectMode: false,
     highWaterMark: 65536,
     buffer: BufferList { head: [Object], tail: [Object], length: 1 },
     length: 65536,
     pipes: null,
     pipesCount: 0,
     flowing: null,
     ended: false,
     endEmitted: false,
     reading: false,
     sync: false,
     needReadable: false,
     emittedReadable: true,
     readableListening: false,
     resumeScheduled: false,
     destroyed: false,
     defaultEncoding: 'utf8',
     awaitDrain: 0,
     readingMore: false,
     decoder: null,
     encoding: null },
  readable: true,
  domain: null,
  _events: { end: [Function] },
  _eventsCount: 1,
  _maxListeners: undefined,
  path: '/tmp/firebase-functions-42455dI1GfcCPud.zip',
  fd: 15,
  flags: 'r',
  mode: 438,
  start: undefined,
  end: Infinity,
  autoClose: true,
  pos: undefined,
  bytesRead: 65536,
  closed: false } 
 Sun May 13 2018 00:13:09 GMT-0500 (CDT)
[debug] [2018-05-13T05:13:10.214Z] <<< HTTP RESPONSE 200
[info] ✔  functions: functions folder uploaded successfully
[debug] [2018-05-13T05:13:10.218Z] >>> HTTP REQUEST GET https://cloudfunctions.googleapis.com/v1/projects/event0-portal/locations/us-central1/functions  
  
 Sun May 13 2018 00:13:10 GMT-0500 (CDT)
[debug] [2018-05-13T05:13:10.420Z] <<< HTTP RESPONSE 200
[info] i  functions: updating function server...
[debug] [2018-05-13T05:13:10.426Z] Trigger is:  {"httpsTrigger":{}}
[debug] [2018-05-13T05:13:10.429Z] >>> HTTP REQUEST PATCH https://cloudfunctions.googleapis.com/v1/projects/event0-portal/locations/us-central1/functions/server 
query params: {"updateMask":"sourceUploadUrl,name,labels,httpsTrigger"} 
 { sourceUploadUrl: 'https://storage.googleapis.com/gcf-upload-us-central1-64a292a3-734f-4f97-b685-ecf26faa9a58/abdeb49b-0d4f-4d2d-984a-b0de24c6c6d1.zip?GoogleAccessId=810541216828@cloudservices.gserviceaccount.com&Expires=1526190286&Signature=AphXNahwY4YyKgQyysbe6YeQFXHzZy5LqkYI8%2BCxzdxE7%2Fev7tHMeNJvAxwqMm5vWEG5bU%2F4ZbnYpabAuSgJl6BCZSj4bsktWdBDDpNDV9P9orMRheJhBzc%2FfrdJhCH7JV%2BJKuwyY1HQdJ1huTxAE0Avpe1jwCXWFP1OR3hnzboB21nEBuj5F%2Bb9CnTii%2BX%2BjnTqSm3EeJ%2BgqqScFfRwoDmXeDH5MPtfokvJQQP8nAHSRCqT3Oc7UCLzxsVuq%2FmfUKYFrFFEVY2fmxahpx%2BTDmcnbs6orVtkopFCfQDgoTpRI5dHYx2AJWaiHkTVo0RGpuhG7H4wy%2B076qsTJIZp5g%3D%3D',
  name: 'projects/event0-portal/locations/us-central1/functions/server',
  labels: { 'deployment-tool': 'cli-firebase' },
  httpsTrigger: {} } 
 Sun May 13 2018 00:13:10 GMT-0500 (CDT)
[debug] [2018-05-13T05:13:10.662Z] <<< HTTP RESPONSE 200
[debug] [2018-05-13T05:13:10.667Z] >>> HTTP REQUEST GET https://cloudfunctions.googleapis.com/v1/projects/event0-portal/locations/us-central1/functions  
  
 Sun May 13 2018 00:13:10 GMT-0500 (CDT)
[debug] [2018-05-13T05:13:10.813Z] <<< HTTP RESPONSE 200
[debug] [2018-05-13T05:13:10.816Z] >>> HTTP REQUEST GET https://cloudfunctions.googleapis.com/v1/operations/ZXZlbnQwLXBvcnRhbC91cy1jZW50cmFsMS9zZXJ2ZXIveDVjOVpUZHRkVVE  
  
 Sun May 13 2018 00:13:10 GMT-0500 (CDT)
[debug] [2018-05-13T05:13:10.964Z] <<< HTTP RESPONSE 200
[debug] [2018-05-13T05:13:12.968Z] >>> HTTP REQUEST GET https://cloudfunctions.googleapis.com/v1/operations/ZXZlbnQwLXBvcnRhbC91cy1jZW50cmFsMS9zZXJ2ZXIveDVjOVpUZHRkVVE  
  
 Sun May 13 2018 00:13:12 GMT-0500 (CDT)
[debug] [2018-05-13T05:13:13.084Z] <<< HTTP RESPONSE 200
[debug] [2018-05-13T05:13:15.087Z] >>> HTTP REQUEST GET https://cloudfunctions.googleapis.com/v1/operations/ZXZlbnQwLXBvcnRhbC91cy1jZW50cmFsMS9zZXJ2ZXIveDVjOVpUZHRkVVE  
  
 Sun May 13 2018 00:13:15 GMT-0500 (CDT)
[debug] [2018-05-13T05:13:15.219Z] <<< HTTP RESPONSE 200
[debug] [2018-05-13T05:13:17.221Z] >>> HTTP REQUEST GET https://cloudfunctions.googleapis.com/v1/operations/ZXZlbnQwLXBvcnRhbC91cy1jZW50cmFsMS9zZXJ2ZXIveDVjOVpUZHRkVVE  
  
 Sun May 13 2018 00:13:17 GMT-0500 (CDT)
[debug] [2018-05-13T05:13:17.363Z] <<< HTTP RESPONSE 200
[debug] [2018-05-13T05:13:19.365Z] >>> HTTP REQUEST GET https://cloudfunctions.googleapis.com/v1/operations/ZXZlbnQwLXBvcnRhbC91cy1jZW50cmFsMS9zZXJ2ZXIveDVjOVpUZHRkVVE  
  
 Sun May 13 2018 00:13:19 GMT-0500 (CDT)
[debug] [2018-05-13T05:13:19.492Z] <<< HTTP RESPONSE 200
